<?xml version="1.0" encoding="UTF-8"?>
<!-- Generated by org.testng.reporters.JUnitReportReporter -->
<testsuite skipped="0" hostname="Bobs-MBP.fios-router.home" name="Methods.Sel_042_TestNG_2" tests="1" failures="0" timestamp="2020-06-25T00:53:11 EDT" time="7.490" errors="0">
  <testcase name="invalidCredentials" time="7.490" classname="Methods.Sel_042_TestNG_2"/>
  <system-out/>
</testsuite> <!-- Methods.Sel_042_TestNG_2 -->
