<?xml version="1.0" encoding="UTF-8"?>
<!-- Generated by org.testng.reporters.JUnitReportReporter -->
<testsuite skipped="0" hostname="Bobs-MBP.fios-router.home" name="Methods.Sel_41_TestNG_1" tests="2" failures="0" timestamp="2020-06-25T00:43:53 EDT" time="14.061" errors="0">
  <testcase name="getTitle" time="6.940" classname="Methods.Sel_41_TestNG_1"/>
  <system-out/>
  <testcase name="invalidCredentials" time="7.121" classname="Methods.Sel_41_TestNG_1"/>
  <system-out/>
</testsuite> <!-- Methods.Sel_41_TestNG_1 -->
